<?xml version="1.0" encoding="utf-8"?><testsuites name="pytest tests"><testsuite name="pytest" errors="0" failures="0" skipped="0" tests="8" time="5.295" timestamp="2026-07-20T13:11:09.518474+00:00" hostname="agent-env-f3c4f4c3-d45d-4a25-bad1-dcbe9815b11b"><testcase classname="tests.backend_test.TestTranscribeValidation" name="test_rejects_unsupported_extension" time="0.578" /><testcase classname="tests.backend_test.TestTranscribeReal" name="test_transcribe_real_speech_wav" time="1.922" /><testcase classname="tests.backend_test.TestTranscribeValidation" name="test_rejects_empty_file" time="0.050" /><testcase classname="tests.backend_test.TestTranscribeValidation" name="test_no_file_field_returns_422" time="0.053" /><testcase classname="tests.backend_test.TestBasics" name="test_root_returns_turkish_welcome" time="0.110" /><testcase classname="tests.backend_test.TestBasics" name="test_health" time="0.076" /><testcase classname="tests.backend_test.TestTranscribeReal" name="test_transcribe_flac_reports_error_gracefully" time="0.153" /><testcase classname="tests.backend_test.TestTranscribeReal" name="test_transcribe_wav_pipeline" time="1.607" /></testsuite></testsuites>